SF:lib/core/error/failure.dart
DA:6,4
DA:8,0
DA:9,0
DA:13,0
DA:18,4
DA:25,0
LF:6
LH:2
end_of_record
SF:lib/features/user_data/domain/use_case/upload_profile_picture.dart
DA:11,1
DA:20,1
DA:22,1
DA:24,3
LF:4
LH:4
end_of_record
SF:lib/features/user_data/domain/entity/job_seeker_entity.dart
DA:12,1
DA:22,1
DA:31,0
DA:33,0
LF:4
LH:2
end_of_record
SF:lib/features/auth/domain/entity/auth_enity.dart
DA:10,2
DA:18,0
DA:19,0
LF:3
LH:1
end_of_record
SF:lib/features/auth/domain/use_case/register_use_case.dart
DA:14,1
DA:22,0
DA:29,0
DA:30,0
DA:36,1
DA:38,1
DA:40,1
DA:41,1
DA:42,1
DA:43,1
DA:44,1
DA:46,2
LF:12
LH:9
end_of_record
SF:lib/features/user_data/domain/use_case/add_jobseeker_usecase.dart
DA:17,1
DA:28,0
DA:37,0
DA:39,0
DA:45,1
DA:46,1
DA:48,1
DA:49,1
DA:50,1
DA:51,1
DA:52,1
DA:53,1
DA:54,1
DA:55,1
DA:57,2
LF:15
LH:12
end_of_record
SF:lib/features/auth/domain/use_case/login_use_case.dart
DA:12,1
DA:18,0
DA:22,0
DA:23,0
DA:29,1
DA:31,1
DA:33,6
DA:34,1
DA:35,2
DA:36,1
DA:37,2
DA:38,4
DA:39,1
DA:50,1
LF:14
LH:11
end_of_record
SF:lib/app/shared_prefs/token_shared_prefs.dart
DA:8,0
DA:10,0
DA:12,0
DA:15,0
DA:19,0
DA:21,0
DA:22,0
DA:24,0
DA:28,0
DA:30,0
DA:33,0
DA:37,0
DA:39,0
DA:40,0
DA:42,0
LF:15
LH:0
end_of_record
