SF:lib/core/error/failure.dart
DA:6,6
DA:8,0
DA:9,0
DA:13,0
DA:17,3
DA:21,0
DA:25,0
DA:29,0
DA:34,3
DA:41,0
LF:10
LH:3
end_of_record
SF:lib/features/user_data/domain/use_case/upload_profile_picture.dart
DA:11,1
DA:20,1
DA:22,1
DA:24,3
LF:4
LH:4
end_of_record
SF:lib/features/user_data/domain/entity/job_seeker_entity.dart
DA:12,1
DA:22,1
DA:31,0
DA:32,0
DA:33,0
DA:34,0
DA:35,0
DA:36,0
DA:37,0
DA:38,0
DA:39,0
LF:11
LH:2
end_of_record
SF:lib/features/jobs/domain/entity/description_entity.dart
DA:7,3
DA:12,0
DA:13,0
LF:3
LH:1
end_of_record
SF:lib/features/jobs/domain/entity/job_entity.dart
DA:81,3
DA:112,0
DA:113,0
DA:114,0
DA:115,0
DA:116,0
DA:117,0
DA:118,0
DA:119,0
DA:120,0
DA:121,0
DA:122,0
DA:123,0
DA:124,0
LF:14
LH:1
end_of_record
SF:lib/features/user_data/domain/entity/employer_entity.dart
DA:9,3
DA:16,0
DA:17,0
LF:3
LH:1
end_of_record
SF:lib/features/jobs/domain/use_case/get_all_jobs_usecase.dart
DA:10,2
DA:13,2
DA:15,4
LF:3
LH:3
end_of_record
SF:lib/features/user_data/domain/use_case/add_jobseeker_usecase.dart
DA:17,1
DA:28,0
DA:37,0
DA:39,0
DA:45,1
DA:46,1
DA:48,1
DA:49,1
DA:50,1
DA:51,1
DA:52,1
DA:53,1
DA:55,2
LF:13
LH:10
end_of_record
SF:lib/features/auth/domain/entity/auth_enity.dart
DA:10,2
DA:18,0
DA:19,0
LF:3
LH:1
end_of_record
SF:lib/features/auth/domain/use_case/register_use_case.dart
DA:14,1
DA:22,0
DA:29,0
DA:30,0
DA:36,1
DA:38,1
DA:40,1
DA:41,1
DA:42,1
DA:43,1
DA:44,1
DA:46,2
LF:12
LH:9
end_of_record
SF:lib/features/auth/data/model/login_response.dart
DA:16,0
DA:23,0
DA:24,0
DA:26,0
LF:4
LH:0
end_of_record
SF:lib/features/auth/data/model/login_response.g.dart
DA:9,0
DA:10,0
DA:11,0
DA:12,0
DA:13,0
DA:14,0
DA:17,0
DA:18,0
DA:19,0
DA:20,0
DA:21,0
DA:22,0
LF:12
LH:0
end_of_record
SF:lib/features/jobs/domain/use_case/get_job_by_id_usecase.dart
DA:11,1
DA:13,0
DA:14,0
DA:15,0
DA:21,1
DA:24,1
DA:26,3
LF:7
LH:4
end_of_record
SF:lib/features/jobs/domain/use_case/search_jobs_usecase.dart
DA:10,1
DA:12,1
DA:14,2
DA:15,2
LF:4
LH:4
end_of_record
